2017-10-20T12:20:56+00:00 CRITICAL Uncaught Error: Call to undefined function mcrypt_encrypt() in /var/www/html/wp-content/plugins/miniorange-login-openid/class-mo-openid-login-widget.php:769
Stack trace:
#0 /var/www/html/wp-includes/class-wp-hook.php(298): mo_openid_login_validate('')
#1 /var/www/html/wp-includes/class-wp-hook.php(323): WP_Hook->apply_filters(NULL, Array)
#2 /var/www/html/wp-includes/plugin.php(453): WP_Hook->do_action(Array)
#3 /var/www/html/wp-settings.php(448): do_action('init')
#4 /var/www/html/wp-config.php(95): require_once('/var/www/html/w...')
#5 /var/www/html/wp-load.php(37): require_once('/var/www/html/w...')
#6 /var/www/html/wp-blog-header.php(13): require_once('/var/www/html/w...')
#7 /var/www/html/index.php(17): require('/var/www/html/w...')
#8 {main}
  thrown

2017-10-20T12:21:03+00:00 CRITICAL Uncaught Error: Call to undefined function mcrypt_encrypt() in /var/www/html/wp-content/plugins/miniorange-login-openid/class-mo-openid-login-widget.php:769
Stack trace:
#0 /var/www/html/wp-includes/class-wp-hook.php(298): mo_openid_login_validate('')
#1 /var/www/html/wp-includes/class-wp-hook.php(323): WP_Hook->apply_filters(NULL, Array)
#2 /var/www/html/wp-includes/plugin.php(453): WP_Hook->do_action(Array)
#3 /var/www/html/wp-settings.php(448): do_action('init')
#4 /var/www/html/wp-config.php(95): require_once('/var/www/html/w...')
#5 /var/www/html/wp-load.php(37): require_once('/var/www/html/w...')
#6 /var/www/html/wp-blog-header.php(13): require_once('/var/www/html/w...')
#7 /var/www/html/index.php(17): require('/var/www/html/w...')
#8 {main}
  thrown

2017-10-20T12:41:42+00:00 CRITICAL Uncaught Error: Call to undefined function mcrypt_encrypt() in /var/www/html/wp-content/plugins/miniorange-login-openid/class-mo-openid-login-widget.php:769
Stack trace:
#0 /var/www/html/wp-includes/class-wp-hook.php(298): mo_openid_login_validate('')
#1 /var/www/html/wp-includes/class-wp-hook.php(323): WP_Hook->apply_filters(NULL, Array)
#2 /var/www/html/wp-includes/plugin.php(453): WP_Hook->do_action(Array)
#3 /var/www/html/wp-settings.php(448): do_action('init')
#4 /var/www/html/wp-config.php(95): require_once('/var/www/html/w...')
#5 /var/www/html/wp-load.php(37): require_once('/var/www/html/w...')
#6 /var/www/html/wp-blog-header.php(13): require_once('/var/www/html/w...')
#7 /var/www/html/index.php(17): require('/var/www/html/w...')
#8 {main}
  thrown

2017-10-20T13:19:59+00:00 CRITICAL Uncaught Error: Call to undefined function mcrypt_encrypt() in /var/www/html/wp-content/plugins/miniorange-login-openid/class-mo-openid-login-widget.php:769
Stack trace:
#0 /var/www/html/wp-includes/class-wp-hook.php(298): mo_openid_login_validate('')
#1 /var/www/html/wp-includes/class-wp-hook.php(323): WP_Hook->apply_filters(NULL, Array)
#2 /var/www/html/wp-includes/plugin.php(453): WP_Hook->do_action(Array)
#3 /var/www/html/wp-settings.php(448): do_action('init')
#4 /var/www/html/wp-config.php(95): require_once('/var/www/html/w...')
#5 /var/www/html/wp-load.php(37): require_once('/var/www/html/w...')
#6 /var/www/html/wp-blog-header.php(13): require_once('/var/www/html/w...')
#7 /var/www/html/index.php(17): require('/var/www/html/w...')
#8 {main}
  thrown

2017-10-20T14:18:11+00:00 CRITICAL Uncaught Error: Call to undefined function mcrypt_encrypt() in /var/www/html/wp-content/plugins/miniorange-login-openid/class-mo-openid-login-widget.php:769
Stack trace:
#0 /var/www/html/wp-includes/class-wp-hook.php(298): mo_openid_login_validate('')
#1 /var/www/html/wp-includes/class-wp-hook.php(323): WP_Hook->apply_filters(NULL, Array)
#2 /var/www/html/wp-includes/plugin.php(453): WP_Hook->do_action(Array)
#3 /var/www/html/wp-settings.php(448): do_action('init')
#4 /var/www/html/wp-config.php(95): require_once('/var/www/html/w...')
#5 /var/www/html/wp-load.php(37): require_once('/var/www/html/w...')
#6 /var/www/html/wp-blog-header.php(13): require_once('/var/www/html/w...')
#7 /var/www/html/index.php(17): require('/var/www/html/w...')
#8 {main}
  thrown

